<?xml version="1.0" encoding="UTF-8"?>
<!-- Generated by org.testng.reporters.JUnitXMLReporter -->
<testsuite ignored="1" hostname="DESKTOP-E8ITG7R" failures="0" tests="1" name="Default test" time="19.759" errors="0" timestamp="22 Nov 2024 00:50:07 GMT">
  <testcase classname="com.ghate.tests.HomePageTest" name="googleSearch" time="6.479"/>
  <testcase classname="com.ghate.tests.HomePageTest" name="TestCase1" time="0.0">
    <ignored/>
  </testcase> <!-- TestCase1 -->
</testsuite> <!-- Default test -->
