<?xml version="1.0" encoding="UTF-8"?>
<!-- Generated by org.testng.reporters.JUnitXMLReporter -->
<testsuite ignored="0" hostname="DESKTOP-E8ITG7R" failures="0" tests="3" name="Test" time="48.04" errors="0" timestamp="13 Nov 2024 19:33:38 GMT">
  <testcase classname="com.tmb.tests.LoginpageTest" name="test1" time="3.239"/>
  <testcase classname="com.tmb.tests.LoginpageTest" name="test2" time="3.291"/>
  <testcase classname="com.tmb.tests.HomePageTest" name="test2" time="3.297"/>
</testsuite> <!-- Test -->
