<?xml version="1.0" encoding="UTF-8"?>
<!-- Generated by org.testng.reporters.JUnitXMLReporter -->
<testsuite ignored="0" hostname="DESKTOP-E8ITG7R" failures="0" tests="2" name="Test" time="14.506" errors="0" timestamp="13 Nov 2024 22:25:44 GMT">
  <testcase classname="com.ghate.tests.BaseTest" name="@BeforeMethod setup" time="14.135">
    <failure type="java.lang.NullPointerException">
      <![CDATA[java.lang.NullPointerException
at java.base/java.io.FileInputStream.<init>(FileInputStream.java:149)
at java.base/java.io.FileInputStream.<init>(FileInputStream.java:111)
at com.ghate.util.ReadPropertyFile.getValue(ReadPropertyFile.java:16)
at com.ghate.driver.Driver.initDriver(Driver.java:28)
at com.ghate.tests.BaseTest.setup(BaseTest.java:17)
at java.base/java.util.concurrent.ThreadPoolExecutor.runWorker(ThreadPoolExecutor.java:1136)
at java.base/java.util.concurrent.ThreadPoolExecutor$Worker.run(ThreadPoolExecutor.java:635)
at java.base/java.lang.Thread.run(Thread.java:833)
... Removed 13 stack frames]]>
    </failure>
  </testcase> <!-- @BeforeMethod setup -->
  <testcase classname="com.ghate.tests.BaseTest" name="@BeforeMethod setup" time="14.311">
    <failure type="java.lang.NullPointerException">
      <![CDATA[java.lang.NullPointerException
at java.base/java.io.FileInputStream.<init>(FileInputStream.java:149)
at java.base/java.io.FileInputStream.<init>(FileInputStream.java:111)
at com.ghate.util.ReadPropertyFile.getValue(ReadPropertyFile.java:16)
at com.ghate.driver.Driver.initDriver(Driver.java:28)
at com.ghate.tests.BaseTest.setup(BaseTest.java:17)
at java.base/java.util.concurrent.ThreadPoolExecutor.runWorker(ThreadPoolExecutor.java:1136)
at java.base/java.util.concurrent.ThreadPoolExecutor$Worker.run(ThreadPoolExecutor.java:635)
at java.base/java.lang.Thread.run(Thread.java:833)
... Removed 13 stack frames]]>
    </failure>
  </testcase> <!-- @BeforeMethod setup -->
  <testcase classname="com.ghate.tests.BaseTest" name="@AfterMethod tesrDown" time="0.0">
    <skipped/>
  </testcase> <!-- @AfterMethod tesrDown -->
  <testcase classname="com.ghate.tests.BaseTest" name="@AfterMethod tesrDown" time="0.0">
    <skipped/>
  </testcase> <!-- @AfterMethod tesrDown -->
  <testcase classname="com.ghate.tests.LoginpageTest" name="test1" time="0.0">
    <skipped/>
  </testcase> <!-- test1 -->
  <testcase classname="com.ghate.tests.HomePageTest" name="test2" time="0.0">
    <skipped/>
  </testcase> <!-- test2 -->
</testsuite> <!-- Test -->
